2025-02-08 22:36:35.926 [info] Log level: Info
2025-02-08 22:36:35.926 [info] VSCODE_MACHINE_ID: 1c29b2bd-fc02-4328-8e6f-2f51e792693b
2025-02-08 22:36:35.926 [info] VSCODE_SESSION_ID: f4d29e43-7453-46cb-a6f5-86f9d5cf47041739054189792
2025-02-08 22:36:35.926 [info] VSCODE_VERSION: 1.96.3
2025-02-08 22:36:35.926 [info] VSCODE_APP_NAME: Gitpod Code
2025-02-08 22:36:35.926 [info] VSCODE_APP_HOST: Gitpod
2025-02-08 22:36:35.926 [info] VSCODE_UI_KIND: web
2025-02-08 22:36:35.926 [info] GITPOD_WORKSPACE_CONTEXT_URL: https://github.com/freeCodeCamp/learn-salon-appointment-scheduler
2025-02-08 22:36:35.926 [info] GITPOD_INSTANCE_ID: be6c7749-f1f6-4abc-aa6d-998c2627e514
2025-02-08 22:36:35.926 [info] GITPOD_WORKSPACE_URL: https://freecodecam-learnsalona-qd52p8nz2qj.ws-us117.gitpod.io
2025-02-08 22:36:35.926 [info] Gitpod Web 3953e81
2025-02-08 22:36:35.926 [info] Reading sessions from keychain...
2025-02-08 22:36:36.117 [info] Getting sessions for all scopes...
2025-02-08 22:36:36.117 [info] Getting sessions for all scopes...
2025-02-08 22:36:36.117 [info] Getting GitHub sessions for all scopes...
2025-02-08 22:36:36.117 [info] Getting sessions for function:accessCodeSyncStorage...
2025-02-08 22:36:36.117 [info] Got stored sessions!
2025-02-08 22:36:36.118 [info] Verified session with the following scopes: function:accessCodeSyncStorage function:closePort function:controlAdmission function:deleteEnvVar function:generateNewGitpodToken function:getDefaultWorkspaceImage function:getGitpodTokenScopes function:getIDToken function:getLoggedInUser function:getOpenPorts function:getSupportedWorkspaceClasses function:getTeams function:getToken function:getWorkspace function:getWorkspaceEnvVars function:getWorkspaceOwner function:getWorkspaceTimeout function:getWorkspaceUsers function:guessGitTokenScopes function:isWorkspaceOwner function:openPort function:sendHeartBeat function:setEnvVar function:setWorkspaceTimeout function:stopWorkspace function:takeSnapshot function:trackEvent function:updateGitStatus function:waitForSnapshot resource:contentBlob::*::create/get resource:envVar::*/**::update resource:envVar::*/*::update resource:envVar::freeCodeCamp/learn-salon-appointment-scheduler::create/get/update/delete resource:gitpodToken::*::create resource:snapshot::ws-freecodecam-learnsalona-qd52p8nz2qj::create resource:token::*::get resource:userStorage::*::create/get/update resource:workspace::freecodecam-learnsalona-qd52p8nz2qj::get/update resource:workspaceInstance::be6c7749-f1f6-4abc-aa6d-998c2627e514::get/update/delete
2025-02-08 22:36:36.118 [info] Got 1 verified sessions.
2025-02-08 22:36:36.118 [info] Got 1 sessions for all scopes...
2025-02-08 22:36:36.118 [info] Got 1 sessions for all scopes...
2025-02-08 22:36:36.118 [info] Got 1 sessions for function:accessCodeSyncStorage...
2025-02-08 22:36:36.223 [info] Got 1 GitHub sessions for all scopes...
2025-02-08 22:36:36.412 [info] Getting GitHub sessions for all scopes...
2025-02-08 22:36:36.412 [info] Getting sessions for all scopes...
2025-02-08 22:36:36.413 [info] Got 1 GitHub sessions for all scopes...
2025-02-08 22:36:36.413 [info] Got 1 sessions for all scopes...
2025-02-08 22:36:36.447 [info] Getting GitHub sessions for all scopes...
2025-02-08 22:36:36.447 [info] Got 1 GitHub sessions for all scopes...
2025-02-08 22:36:36.985 [info] Getting GitHub sessions for read:user,repo,user:email,workflow...
2025-02-08 22:36:36.985 [info] Got 1 GitHub sessions for read:user,repo,user:email,workflow...
2025-02-08 22:36:38.785 [info] Getting GitHub sessions for project,read:org,read:user,repo,user:email,workflow...
2025-02-08 22:36:38.785 [info] Got 0 GitHub sessions for project,read:org,read:user,repo,user:email,workflow...
2025-02-08 22:36:39.354 [info] Getting GitHub sessions for read:user,repo,user:email,workflow...
2025-02-08 22:36:39.354 [info] Got 1 GitHub sessions for read:user,repo,user:email,workflow...
